# dune runtest -f
# OCAMLPARAM: unset
# Shared cache: disabled
# Workspace root: /Users/Sathya1/fall2022/project2b
# Auto-detected concurrency: 8
$ /opt/homebrew/bin/ocamlc.opt -config > /var/folders/fg/tblg1jtd5j76fkjh59dvjc100000gq/T/dune_c76818_output
# Dune context:
#  { name = "default"
#  ; kind = "default"
#  ; profile = Dev
#  ; merlin = true
#  ; for_host = None
#  ; fdo_target_exe = None
#  ; build_dir = "default"
#  ; toplevel_path = Some External "/Users/Sathya1/.opam/default/lib/toplevel"
#  ; ocaml_bin = External "/opt/homebrew/bin"
#  ; ocaml = Ok External "/Users/Sathya1/.opam/default/bin/ocaml"
#  ; ocamlc = External "/opt/homebrew/bin/ocamlc.opt"
#  ; ocamlopt = Ok External "/opt/homebrew/bin/ocamlopt.opt"
#  ; ocamldep = Ok External "/opt/homebrew/bin/ocamldep.opt"
#  ; ocamlmklib = Ok External "/opt/homebrew/bin/ocamlmklib.opt"
#  ; env =
#      map
#        { "DUNE_OCAML_HARDCODED" : "/Users/Sathya1/.opam/default/lib"
#        ; "DUNE_OCAML_STDLIB" : "/opt/homebrew/lib/ocaml"
#        ; "DUNE_SOURCEROOT" : "/Users/Sathya1/fall2022/project2b"
#        ; "INSIDE_DUNE" : "/Users/Sathya1/fall2022/project2b/_build/default"
#        ; "OCAMLFIND_IGNORE_DUPS_IN" :
#            "/Users/Sathya1/fall2022/project2b/_build/install/default/lib"
#        ; "OCAMLPATH" :
#            "/Users/Sathya1/fall2022/project2b/_build/install/default/lib"
#        ; "OCAMLTOP_INCLUDE_PATH" :
#            "/Users/Sathya1/fall2022/project2b/_build/install/default/lib/toplevel"
#        ; "OCAML_COLOR" : "always"
#        ; "OPAMCOLOR" : "always"
#        }
#  ; findlib_paths = [ External "/Users/Sathya1/.opam/default/lib" ]
#  ; arch_sixtyfour = true
#  ; natdynlink_supported = true
#  ; supports_shared_libraries = true
#  ; ocaml_config =
#      { version = "4.12.0"
#      ; standard_library_default = "/opt/homebrew/lib/ocaml"
#      ; standard_library = "/opt/homebrew/lib/ocaml"
#      ; standard_runtime = "the_standard_runtime_variable_was_deleted"
#      ; ccomp_type = "cc"
#      ; c_compiler = "clang"
#      ; ocamlc_cflags = [ "-O2"; "-fno-strict-aliasing"; "-fwrapv" ]
#      ; ocamlc_cppflags = [ "-D_FILE_OFFSET_BITS=64"; "-D_REENTRANT" ]
#      ; ocamlopt_cflags = [ "-O2"; "-fno-strict-aliasing"; "-fwrapv" ]
#      ; ocamlopt_cppflags = [ "-D_FILE_OFFSET_BITS=64"; "-D_REENTRANT" ]
#      ; bytecomp_c_compiler =
#          [ "clang"
#          ; "-O2"
#          ; "-fno-strict-aliasing"
#          ; "-fwrapv"
#          ; "-D_FILE_OFFSET_BITS=64"
#          ; "-D_REENTRANT"
#          ]
#      ; bytecomp_c_libraries = [ "-lm"; "-lpthread" ]
#      ; native_c_compiler =
#          [ "clang"
#          ; "-O2"
#          ; "-fno-strict-aliasing"
#          ; "-fwrapv"
#          ; "-D_FILE_OFFSET_BITS=64"
#          ; "-D_REENTRANT"
#          ]
#      ; native_c_libraries = [ "-lm" ]
#      ; native_pack_linker = [ "ld"; "-r"; "-o" ]
#      ; cc_profile = []
#      ; architecture = "arm64"
#      ; model = "default"
#      ; int_size = 63
#      ; word_size = 64
#      ; system = "macosx"
#      ; asm = [ "clang"; "-c"; "-Wno-trigraphs" ]
#      ; asm_cfi_supported = true
#      ; with_frame_pointers = false
#      ; ext_exe = ""
#      ; ext_obj = ".o"
#      ; ext_asm = ".s"
#      ; ext_lib = ".a"
#      ; ext_dll = ".so"
#      ; os_type = "Unix"
#      ; default_executable_name = "a.out"
#      ; systhread_supported = true
#      ; host = "aarch64-apple-darwin21.3.0"
#      ; target = "aarch64-apple-darwin21.3.0"
#      ; profiling = false
#      ; flambda = false
#      ; spacetime = false
#      ; safe_string = true
#      ; exec_magic_number = "Caml1999X029"
#      ; cmi_magic_number = "Caml1999I029"
#      ; cmo_magic_number = "Caml1999O029"
#      ; cma_magic_number = "Caml1999A029"
#      ; cmx_magic_number = "Caml1999Y029"
#      ; cmxa_magic_number = "Caml1999Z029"
#      ; ast_impl_magic_number = "Caml1999M029"
#      ; ast_intf_magic_number = "Caml1999N029"
#      ; cmxs_magic_number = "Caml1999D029"
#      ; cmt_magic_number = "Caml1999T029"
#      ; natdynlink_supported = true
#      ; supports_shared_libraries = true
#      ; windows_unicode = false
#      }
#  }
$ (cd _build/default && /opt/homebrew/bin/ocamldep.opt -modules -impl src/higher.ml) > _build/default/src/.p2b.objs/higher.ml.d
$ (cd _build/default && /opt/homebrew/bin/ocamlopt.opt -w @1..3@5..28@30..39@43@46..47@49..57@61..62-40 -strict-sequence -strict-formats -short-paths -keep-locs -w -27-39-33-32 -g -I src/.p2b.objs/byte -I src/.p2b.objs/native -I /Users/Sathya1/.opam/default/lib/oUnit -I /Users/Sathya1/.opam/default/lib/ounit2 -I /Users/Sathya1/.opam/default/lib/ounit2/advanced -I /Users/Sathya1/.opam/default/lib/seq -I /Users/Sathya1/.opam/default/lib/stdlib-shims -intf-suffix .ml -no-alias-deps -opaque -open P2b -o src/.p2b.objs/native/p2b__Higher.cmx -c -impl src/higher.ml)
$ (cd _build/default && /opt/homebrew/bin/ocamlopt.opt -w @1..3@5..28@30..39@43@46..47@49..57@61..62-40 -strict-sequence -strict-formats -short-paths -keep-locs -w -27-39-33-32 -g -a -o src/p2b.cmxa src/.p2b.objs/native/p2b.cmx src/.p2b.objs/native/p2b__Funs.cmx src/.p2b.objs/native/p2b__Higher.cmx src/.p2b.objs/native/p2b__Data.cmx)
$ (cd _build/default && /opt/homebrew/bin/ocamlopt.opt -w @1..3@5..28@30..39@43@46..47@49..57@61..62-40 -strict-sequence -strict-formats -short-paths -keep-locs -g -o test/public/public.exe /opt/homebrew/lib/ocaml/unix.cmxa -I /opt/homebrew/lib/ocaml -I /opt/homebrew/lib/ocaml /Users/Sathya1/.opam/default/lib/stdlib-shims/stdlib_shims.cmxa /Users/Sathya1/.opam/default/lib/ounit2/advanced/oUnitAdvanced.cmxa /Users/Sathya1/.opam/default/lib/ounit2/oUnit.cmxa src/p2b.cmxa test/testUtils.cmxa test/public/.public.eobjs/native/dune__exe__Public.cmx)
$ (cd _build/default && /opt/homebrew/bin/ocamlopt.opt -w @1..3@5..28@30..39@43@46..47@49..57@61..62-40 -strict-sequence -strict-formats -short-paths -keep-locs -w -33 -g -o test/student/student.exe /opt/homebrew/lib/ocaml/unix.cmxa -I /opt/homebrew/lib/ocaml -I /opt/homebrew/lib/ocaml /Users/Sathya1/.opam/default/lib/stdlib-shims/stdlib_shims.cmxa /Users/Sathya1/.opam/default/lib/ounit2/advanced/oUnitAdvanced.cmxa /Users/Sathya1/.opam/default/lib/ounit2/oUnit.cmxa src/p2b.cmxa test/testUtils.cmxa test/student/.student.eobjs/native/dune__exe__Student.cmx)
$ (cd _build/default && /opt/homebrew/bin/ocamlopt.opt -w @1..3@5..28@30..39@43@46..47@49..57@61..62-40 -strict-sequence -strict-formats -short-paths -keep-locs -g -o test/pbt/pbt.exe /opt/homebrew/lib/ocaml/unix.cmxa -I /opt/homebrew/lib/ocaml -I /opt/homebrew/lib/ocaml /Users/Sathya1/.opam/default/lib/stdlib-shims/stdlib_shims.cmxa /Users/Sathya1/.opam/default/lib/ounit2/advanced/oUnitAdvanced.cmxa /Users/Sathya1/.opam/default/lib/ounit2/oUnit.cmxa src/p2b.cmxa /Users/Sathya1/.opam/default/lib/qcheck-core/qcheck_core.cmxa /Users/Sathya1/.opam/default/lib/qcheck-core/runner/qcheck_runner.cmxa /Users/Sathya1/.opam/default/lib/qcheck-ounit/qcheck_ounit.cmxa /Users/Sathya1/.opam/default/lib/qcheck/qcheck.cmxa test/testUtils.cmxa test/pbt/.pbt.eobjs/native/dune__exe__Pbt.cmx)
$ (cd _build/default/test/public && ./public.exe)
> ...EEE.EEEEE
> ==============================================================================
> Error: public:11:scopes.
>
> File "/Users/Sathya1/fall2022/project2b/_build/default/test/public/oUnit-public-wireless-10-105-85-230.umd.edu#01.log", line 48, characters 1-1:
> Error: public:11:scopes (in the log).
>
> Raised at Stdlib.failwith in file "stdlib.ml", line 29, characters 17-33
> Called from Dune__exe__Public.public_scopes in file "test/public/public.ml", line 143, characters 10-32
> Called from OUnitRunner.run_one_test.(fun) in file "src/lib/ounit2/advanced/oUnitRunner.ml", line 83, characters 13-26
>
> Failure("unimplemented")
> ------------------------------------------------------------------------------
> ==============================================================================
> Error: public:10:var.
>
> File "/Users/Sathya1/fall2022/project2b/_build/default/test/public/oUnit-public-wireless-10-105-85-230.umd.edu#02.log", line 16, characters 1-1:
> Error: public:10:var (in the log).
>
> Raised at Stdlib.failwith in file "stdlib.ml", line 29, characters 17-33
> Called from Dune__exe__Public.public_var in file "test/public/public.ml", line 133, characters 10-32
> Called from OUnitRunner.run_one_test.(fun) in file "src/lib/ounit2/advanced/oUnitRunner.ml", line 83, characters 13-26
>
> Failure("unimplemented")
> ------------------------------------------------------------------------------
> ==============================================================================
> Error: public:9:tree_map_put_and_get.
>
> File "/Users/Sathya1/fall2022/project2b/_build/default/test/public/oUnit-public-wireless-10-105-85-230.umd.edu#01.log", line 40, characters 1-1:
> Error: public:9:tree_map_put_and_get (in the log).
>
> Raised at Stdlib.failwith in file "stdlib.ml", line 29, characters 17-33
> Called from Dune__exe__Public.public_tree_map_put_and_get in file "test/public/public.ml", line 123, characters 11-27
> Called from OUnitRunner.run_one_test.(fun) in file "src/lib/ounit2/advanced/oUnitRunner.ml", line 83, characters 13-26
>
> Failure("unimplemented")
> ------------------------------------------------------------------------------
> ==============================================================================
> Error: public:8:int_tree_insert_and_size.
>
> File "/Users/Sathya1/fall2022/project2b/_build/default/test/public/oUnit-public-wireless-10-105-85-230.umd.edu#02.log", line 8, characters 1-1:
> Error: public:8:int_tree_insert_and_size (in the log).
>
> Raised at Stdlib.failwith in file "stdlib.ml", line 29, characters 17-33
> Called from Dune__exe__Public.public_int_tree_insert_and_size in file "test/public/public.ml", line 102, characters 27-57
> Called from OUnitRunner.run_one_test.(fun) in file "src/lib/ounit2/advanced/oUnitRunner.ml", line 83, characters 13-26
>
> Failure("unimplemented")
> ------------------------------------------------------------------------------
> ==============================================================================
> Error: public:7:int_tree_insert_and_mem.
>
> File "/Users/Sathya1/fall2022/project2b/_build/default/test/public/oUnit-public-wireless-10-105-85-230.umd.edu#01.log", line 32, characters 1-1:
> Error: public:7:int_tree_insert_and_mem (in the log).
>
> Raised at Stdlib.failwith in file "stdlib.ml", line 29, characters 17-33
> Called from Dune__exe__Public.public_int_tree_insert_and_mem in file "test/public/public.ml", line 90, characters 27-57
> Called from OUnitRunner.run_one_test.(fun) in file "src/lib/ounit2/advanced/oUnitRunner.ml", line 83, characters 13-26
>
> Failure("unimplemented")
> ------------------------------------------------------------------------------
> ==============================================================================
> Error: public:6:insert_and_max.
>
> File "/Users/Sathya1/fall2022/project2b/_build/default/test/public/oUnit-public-wireless-10-105-85-230.umd.edu#01.log", line 24, characters 1-1:
> Error: public:6:insert_and_max (in the log).
>
> Raised at Stdlib.failwith in file "stdlib.ml", line 29, characters 17-33
> Called from Dune__exe__Public.public_int_tree_insert_and_max in file "test/public/public.ml", line 113, characters 27-57
> Called from OUnitRunner.run_one_test.(fun) in file "src/lib/ounit2/advanced/oUnitRunner.ml", line 83, characters 13-26
>
> Failure("unimplemented")
> ------------------------------------------------------------------------------
> ==============================================================================
> Error: public:5:ap.
>
> File "/Users/Sathya1/fall2022/project2b/_build/default/test/public/oUnit-public-wireless-10-105-85-230.umd.edu#01.log", line 16, characters 1-1:
> Error: public:5:ap (in the log).
>
> Raised at Stdlib.failwith in file "stdlib.ml", line 29, characters 17-33
> Called from Dune__exe__Public.public_ap in file "test/public/public.ml", line 75, characters 68-76
> Called from OUnitRunner.run_one_test.(fun) in file "src/lib/ounit2/advanced/oUnitRunner.ml", line 83, characters 13-26
>
> Failure("unimplemented")
> ------------------------------------------------------------------------------
> ==============================================================================
> Error: public:4:assoc_list.
>
> File "/Users/Sathya1/fall2022/project2b/_build/default/test/public/oUnit-public-wireless-10-105-85-230.umd.edu#01.log", line 8, characters 1-1:
> Error: public:4:assoc_list (in the log).
>
> Raised at Stdlib.failwith in file "stdlib.ml", line 29, characters 17-33
> Called from Dune__exe__Public.public_assoc_list in file "test/public/public.ml", line 59, characters 90-104
> Called from OUnitRunner.run_one_test.(fun) in file "src/lib/ounit2/advanced/oUnitRunner.ml", line 83, characters 13-26
>
> Failure("unimplemented")
> ------------------------------------------------------------------------------
> Ran: 12 tests in: 0.11 seconds.
> FAILED: Cases: 12 Tried: 12 Errors: 8 Failures: 0 Skip:  0 Todo: 0 Timeouts: 0.
[1]
$ (cd _build/default/test/student && ./student.exe)
> .
> Ran: 1 tests in: 0.11 seconds.
> OK
$ (cd _build/default/test/pbt && ./pbt.exe)
> .....EEEEEEEEEEE.This should never happen.This should never happen.
> ==============================================================================
> Error: public:16:test_add_var_single_scope.
>
> File "/Users/Sathya1/fall2022/project2b/_build/default/test/pbt/oUnit-public-wireless-10-105-85-230.umd.edu#01.log", line 295, characters 1-1:
> Error: public:16:test_add_var_single_scope (in the log).
>
> Raised at QCheck2.Test.check_result in file "src/core/QCheck2.ml", line 1976, characters 6-78
> Called from OUnitRunner.run_one_test.(fun) in file "src/lib/ounit2/advanced/oUnitRunner.ml", line 83, characters 13-26
>
> test `test_add_var_single_scope` raised exception `Failure("unimplemented")`
> on `("", 0) (after 2 shrink steps)`
> Raised at Stdlib.failwith in file "stdlib.ml", line 29, characters 17-33
> Called from Dune__exe__Pbt.test_add_var_single_scope.(fun) in file "test/pbt/pbt.ml", line 238, characters 12-25
> Called from QCheck2.Test.run_law.loop in file "src/core/QCheck2.ml", line 1615, characters 27-32
> Called from QCheck2.Test.run_law in file "src/core/QCheck2.ml", line 1620, characters 6-18
> Called from QCheck2.Test.check_state_input in file "src/core/QCheck2.ml", line 1743, characters 20-59
>
> ------------------------------------------------------------------------------
> ==============================================================================
> Error: public:15:test_map_put_smaller_goes_left.
>
> File "/Users/Sathya1/fall2022/project2b/_build/default/test/pbt/oUnit-public-wireless-10-105-85-230.umd.edu#01.log", line 267, characters 1-1:
> Error: public:15:test_map_put_smaller_goes_left (in the log).
>
> Raised at QCheck2.Test.check_result in file "src/core/QCheck2.ml", line 1976, characters 6-78
> Called from OUnitRunner.run_one_test.(fun) in file "src/lib/ounit2/advanced/oUnitRunner.ml", line 83, characters 13-26
>
> test `test_map_put_smaller_goes_left`
> raised exception `Failure("unimplemented")`
> on `(0, "", "", "") (after 11 shrink steps)`
> Raised at Stdlib.failwith in file "stdlib.ml", line 29, characters 17-33
> Called from Dune__exe__Pbt.test_map_put_smaller_goes_left.(fun) in file "test/pbt/pbt.ml", line 218, characters 13-27
> Called from QCheck2.Test.run_law.loop in file "src/core/QCheck2.ml", line 1615, characters 27-32
> Called from QCheck2.Test.run_law in file "src/core/QCheck2.ml", line 1620, characters 6-18
> Called from QCheck2.Test.check_state_input in file "src/core/QCheck2.ml", line 1743, characters 20-59
>
> ------------------------------------------------------------------------------
> ==============================================================================
> Error: public:14:test_map_put_bigger_goes_right.
>
> File "/Users/Sathya1/fall2022/project2b/_build/default/test/pbt/oUnit-public-wireless-10-105-85-230.umd.edu#01.log", line 238, characters 1-1:
> Error: public:14:test_map_put_bigger_goes_right (in the log).
>
> Raised at QCheck2.Test.check_result in file "src/core/QCheck2.ml", line 1976, characters 6-78
> Called from OUnitRunner.run_one_test.(fun) in file "src/lib/ounit2/advanced/oUnitRunner.ml", line 83, characters 13-26
>
> test `test_map_put_bigger_goes_right`
> raised exception `Failure("unimplemented")`
> on `(0, "", "", "") (after 11 shrink steps)`
> Raised at Stdlib.failwith in file "stdlib.ml", line 29, characters 17-33
> Called from Dune__exe__Pbt.test_map_put_bigger_goes_right.(fun) in file "test/pbt/pbt.ml", line 197, characters 13-27
> Called from QCheck2.Test.run_law.loop in file "src/core/QCheck2.ml", line 1615, characters 27-32
> Called from QCheck2.Test.run_law in file "src/core/QCheck2.ml", line 1620, characters 6-18
> Called from QCheck2.Test.check_state_input in file "src/core/QCheck2.ml", line 1743, characters 20-59
>
> ------------------------------------------------------------------------------
> ==============================================================================
> Error: public:13:test_map_contains_after_inserted.
>
> File "/Users/Sathya1/fall2022/project2b/_build/default/test/pbt/oUnit-public-wireless-10-105-85-230.umd.edu#01.log", line 209, characters 1-1:
> Error: public:13:test_map_contains_after_inserted (in the log).
>
> Raised at QCheck2.Test.check_result in file "src/core/QCheck2.ml", line 1976, characters 6-78
> Called from OUnitRunner.run_one_test.(fun) in file "src/lib/ounit2/advanced/oUnitRunner.ml", line 83, characters 13-26
>
> test `test_map_contains_after_inserted`
> raised exception `Failure("unimplemented")`
> on `(0, "") (after 9 shrink steps)`
> Raised at Stdlib.failwith in file "stdlib.ml", line 29, characters 17-33
> Called from Dune__exe__Pbt.test_map_contains_after_inserted.(fun) in file "test/pbt/pbt.ml", line 184, characters 13-27
> Called from QCheck2.Test.run_law.loop in file "src/core/QCheck2.ml", line 1615, characters 27-32
> Called from QCheck2.Test.run_law in file "src/core/QCheck2.ml", line 1620, characters 6-18
> Called from QCheck2.Test.check_state_input in file "src/core/QCheck2.ml", line 1743, characters 20-59
>
> ------------------------------------------------------------------------------
> ==============================================================================
> Error: public:12:test_int_max_inc.
>
> File "/Users/Sathya1/fall2022/project2b/_build/default/test/pbt/oUnit-public-wireless-10-105-85-230.umd.edu#01.log", line 181, characters 1-1:
> Error: public:12:test_int_max_inc (in the log).
>
> Raised at QCheck2.Test.check_result in file "src/core/QCheck2.ml", line 1976, characters 6-78
> Called from OUnitRunner.run_one_test.(fun) in file "src/lib/ounit2/advanced/oUnitRunner.ml", line 83, characters 13-26
>
> test `test_int_max_inc` raised exception `Failure("unimplemented")`
> on `0 (after 2 shrink steps)`
> Raised at Stdlib.failwith in file "stdlib.ml", line 29, characters 17-33
> Called from Dune__exe__Pbt.test_int_max_inc.(fun) in file "test/pbt/pbt.ml", line 170, characters 13-30
> Called from QCheck2.Test.run_law.loop in file "src/core/QCheck2.ml", line 1615, characters 27-32
> Called from QCheck2.Test.run_law in file "src/core/QCheck2.ml", line 1620, characters 6-18
> Called from QCheck2.Test.check_state_input in file "src/core/QCheck2.ml", line 1743, characters 20-59
>
> ------------------------------------------------------------------------------
> ==============================================================================
> Error: public:11:test_int_size_inc .
>
> File "/Users/Sathya1/fall2022/project2b/_build/default/test/pbt/oUnit-public-wireless-10-105-85-230.umd.edu#01.log", line 155, characters 1-1:
> Error: public:11:test_int_size_inc  (in the log).
>
> Raised at QCheck2.Test.check_result in file "src/core/QCheck2.ml", line 1976, characters 6-78
> Called from OUnitRunner.run_one_test.(fun) in file "src/lib/ounit2/advanced/oUnitRunner.ml", line 83, characters 13-26
>
> test `test_int_size_inc ` raised exception `Failure("unimplemented")` on `0`
> Raised at Stdlib.failwith in file "stdlib.ml", line 29, characters 17-33
> Called from Dune__exe__Pbt.test_int_size_inc.(fun) in file "test/pbt/pbt.ml", line 154, characters 27-44
> Called from QCheck2.Test.run_law.loop in file "src/core/QCheck2.ml", line 1615, characters 27-32
> Called from QCheck2.Test.run_law in file "src/core/QCheck2.ml", line 1620, characters 6-18
> Called from QCheck2.Test.check_state_input in file "src/core/QCheck2.ml", line 1743, characters 20-59
>
> ------------------------------------------------------------------------------
> ==============================================================================
> Error: public:10:test_int_mem_after_inserting .
>
> File "/Users/Sathya1/fall2022/project2b/_build/default/test/pbt/oUnit-public-wireless-10-105-85-230.umd.edu#01.log", line 129, characters 1-1:
> Error: public:10:test_int_mem_after_inserting  (in the log).
>
> Raised at QCheck2.Test.check_result in file "src/core/QCheck2.ml", line 1976, characters 6-78
> Called from OUnitRunner.run_one_test.(fun) in file "src/lib/ounit2/advanced/oUnitRunner.ml", line 83, characters 13-26
>
> test `test_int_mem_after_inserting `
> raised exception `Failure("unimplemented")` on `0`
> Raised at Stdlib.failwith in file "stdlib.ml", line 29, characters 17-33
> Called from Dune__exe__Pbt.test_int_mem_after_inserting.(fun) in file "test/pbt/pbt.ml", line 143, characters 13-28
> Called from QCheck2.Test.run_law.loop in file "src/core/QCheck2.ml", line 1615, characters 27-32
> Called from QCheck2.Test.run_law in file "src/core/QCheck2.ml", line 1620, characters 6-18
> Called from QCheck2.Test.check_state_input in file "src/core/QCheck2.ml", line 1743, characters 20-59
>
> ------------------------------------------------------------------------------
> ==============================================================================
> Error: public:9:test_int_insert_twice_size_same.
>
> File "/Users/Sathya1/fall2022/project2b/_build/default/test/pbt/oUnit-public-wireless-10-105-85-230.umd.edu#01.log", line 102, characters 1-1:
> Error: public:9:test_int_insert_twice_size_same (in the log).
>
> Raised at QCheck2.Test.check_result in file "src/core/QCheck2.ml", line 1976, characters 6-78
> Called from OUnitRunner.run_one_test.(fun) in file "src/lib/ounit2/advanced/oUnitRunner.ml", line 83, characters 13-26
>
> test `test_int_insert_twice_size_same`
> raised exception `Failure("unimplemented")` on `0`
> Raised at Stdlib.failwith in file "stdlib.ml", line 29, characters 17-33
> Called from Dune__exe__Pbt.test_int_insert_twice_size_same.(fun) in file "test/pbt/pbt.ml", line 131, characters 13-28
> Called from QCheck2.Test.run_law.loop in file "src/core/QCheck2.ml", line 1615, characters 27-32
> Called from QCheck2.Test.run_law in file "src/core/QCheck2.ml", line 1620, characters 6-18
> Called from QCheck2.Test.check_state_input in file "src/core/QCheck2.ml", line 1743, characters 20-59
>
> ------------------------------------------------------------------------------
> ==============================================================================
> Error: public:8:test_int_insert_size_should_inc.
>
> File "/Users/Sathya1/fall2022/project2b/_build/default/test/pbt/oUnit-public-wireless-10-105-85-230.umd.edu#01.log", line 75, characters 1-1:
> Error: public:8:test_int_insert_size_should_inc (in the log).
>
> Raised at QCheck2.Test.check_result in file "src/core/QCheck2.ml", line 1976, characters 6-78
> Called from OUnitRunner.run_one_test.(fun) in file "src/lib/ounit2/advanced/oUnitRunner.ml", line 83, characters 13-26
>
> test `test_int_insert_size_should_inc`
> raised exception `Failure("unimplemented")` on `0`
> Raised at Stdlib.failwith in file "stdlib.ml", line 29, characters 17-33
> Called from Dune__exe__Pbt.test_int_insert_size_should_inc.(fun) in file "test/pbt/pbt.ml", line 120, characters 13-28
> Called from QCheck2.Test.run_law.loop in file "src/core/QCheck2.ml", line 1615, characters 27-32
> Called from QCheck2.Test.run_law in file "src/core/QCheck2.ml", line 1620, characters 6-18
> Called from QCheck2.Test.check_state_input in file "src/core/QCheck2.ml", line 1743, characters 20-59
>
> ------------------------------------------------------------------------------
> ==============================================================================
> Error: public:7:test_assoc_list_len_same_uniq.
>
> File "/Users/Sathya1/fall2022/project2b/_build/default/test/pbt/oUnit-public-wireless-10-105-85-230.umd.edu#01.log", line 48, characters 1-1:
> Error: public:7:test_assoc_list_len_same_uniq (in the log).
>
> Raised at QCheck2.Test.check_result in file "src/core/QCheck2.ml", line 1976, characters 6-78
> Called from OUnitRunner.run_one_test.(fun) in file "src/lib/ounit2/advanced/oUnitRunner.ml", line 83, characters 13-26
>
> test `test_assoc_list_len_same_uniq`
> raised exception `Failure("unimplemented")` on `[] (after 5 shrink steps)`
> Raised at Stdlib.failwith in file "stdlib.ml", line 29, characters 17-33
> Called from Dune__exe__Pbt.test_assoc_list_len_same_uniq.(fun) in file "test/pbt/pbt.ml", line 109, characters 16-30
> Called from QCheck2.Test.run_law.loop in file "src/core/QCheck2.ml", line 1615, characters 27-32
> Called from QCheck2.Test.run_law in file "src/core/QCheck2.ml", line 1620, characters 6-18
> Called from QCheck2.Test.check_state_input in file "src/core/QCheck2.ml", line 1743, characters 20-59
>
> ------------------------------------------------------------------------------
> ==============================================================================
> Error: public:6:test_assoc_list_out_len.
>
> File "/Users/Sathya1/fall2022/project2b/_build/default/test/pbt/oUnit-public-wireless-10-105-85-230.umd.edu#01.log", line 21, characters 1-1:
> Error: public:6:test_assoc_list_out_len (in the log).
>
> Raised at QCheck2.Test.check_result in file "src/core/QCheck2.ml", line 1976, characters 6-78
> Called from OUnitRunner.run_one_test.(fun) in file "src/lib/ounit2/advanced/oUnitRunner.ml", line 83, characters 13-26
>
> test `test_assoc_list_out_len` raised exception `Failure("unimplemented")`
> on `[] (after 5 shrink steps)`
> Raised at Stdlib.failwith in file "stdlib.ml", line 29, characters 17-33
> Called from Dune__exe__Pbt.test_assoc_list_out_len.(fun) in file "test/pbt/pbt.ml", line 100, characters 16-30
> Called from QCheck2.Test.run_law.loop in file "src/core/QCheck2.ml", line 1615, characters 27-32
> Called from QCheck2.Test.run_law in file "src/core/QCheck2.ml", line 1620, characters 6-18
> Called from QCheck2.Test.check_state_input in file "src/core/QCheck2.ml", line 1743, characters 20-59
>
> ------------------------------------------------------------------------------
> Ran: 17 tests in: 0.67 seconds.
> FAILED: Cases: 17 Tried: 17 Errors: 11 Failures: 0 Skip:  0 Todo: 0 Timeouts: 0.
[1]
